#
# A fatal error has been detected by the Java Runtime Environment:
#
#  EXCEPTION_ACCESS_VIOLATION (0xc0000005) at pc=0x00007ff8523a3bc5, pid=7984, tid=12756
#
# JRE version: Java(TM) SE Runtime Environment 18.9 (11.0.8+10) (build 11.0.8+10-LTS)
# Java VM: Java HotSpot(TM) 64-Bit Server VM 18.9 (11.0.8+10-LTS, mixed mode, tiered, compressed oops, parallel gc, windows-amd64)
# Problematic frame:
# V  [jvm.dll+0x513bc5]
#
# No core dump will be written. Minidumps are not enabled by default on client versions of Windows
#
# If you would like to submit a bug report, please visit:
#   https://bugreport.java.com/bugreport/crash.jsp
#

---------------  S U M M A R Y ------------

Command Line: --add-modules=ALL-SYSTEM --add-opens=java.base/java.util=ALL-UNNAMED --add-opens=java.base/java.lang=ALL-UNNAMED -Declipse.application=org.eclipse.jdt.ls.core.id1 -Dosgi.bundles.defaultStartLevel=4 -Declipse.product=org.eclipse.jdt.ls.core.product -Dfile.encoding=utf8 -DwatchParentProcess=false -XX:+UseParallelGC -XX:GCTimeRatio=4 -XX:AdaptiveSizePolicyWeight=90 -Dsun.zip.disableMemoryMapping=true -Xmx1G -Xms100m -Xverify:none c:\Users\chenshi\.vscode\extensions\redhat.java-0.73.0\server\plugins\org.eclipse.equinox.launcher_1.6.0.v20200915-1508.jar -configuration c:\Users\chenshi\AppData\Roaming\Code\User\globalStorage\redhat.java\0.73.0\config_win -data c:\Users\chenshi\AppData\Roaming\Code\User\workspaceStorage\ed95b1a397a80b292f713117fd0b243d\redhat.java\jdt_ws

Host: Intel(R) Xeon(R) W-2123 CPU @ 3.60GHz, 8 cores, 31G,  Windows 10 , 64 bit Build 19041 (10.0.19041.662)
Time: Tue Jan  5 17:41:46 2021 China Standard Time elapsed time: 1659 seconds (0d 0h 27m 39s)

---------------  T H R E A D  ---------------

Current thread (0x000001bcfbc5a000):  JavaThread "C2 CompilerThread0" daemon [_thread_in_native, id=12756, stack(0x000000a24b400000,0x000000a24b500000)]


Current CompileTask:
C2:1659770 33856 % !   4       org.eclipse.jdt.internal.core.util.HandleFactory::getPkgFragmentRoot @ 96 (167 bytes)

Stack: [0x000000a24b400000,0x000000a24b500000],  sp=0x000000a24b4fb1e8,  free space=1004k
Native frames: (J=compiled Java code, j=interpreted, Vv=VM code, C=native code)
V  [jvm.dll+0x513bc5]


siginfo: EXCEPTION_ACCESS_VIOLATION (0xc0000005), reading address 0x0000000000000008


Register to memory mapping:

RIP=0x00007ff8523a3bc5 jvm.dll
RAX=0x0 is NULL
RBX=0x0000000000000096 is an unknown value
RCX=0x000000a24b4fc2c0 is pointing into the stack for thread: 0x000001bcfbc5a000
RDX=0x000000000000053b is an unknown value
RSP=0x000000a24b4fb1e8 is pointing into the stack for thread: 0x000001bcfbc5a000
RBP=0x0 is NULL
RSI=0x000001bcfbd3f4d0 points into unknown readable memory: 30 f3 68 52 f8 7f 00 00
RDI=0x000001bc8140e090 points into unknown readable memory: c0 90 40 81 bc 01 00 00
R8 =0x000000a24b4fc2c0 is pointing into the stack for thread: 0x000001bcfbc5a000
R9 =0x000001bc81413a88 points into unknown readable memory: 00 00 00 00 00 00 00 00
R10=0x0 is NULL
R11=0x0000000000000246 is an unknown value
R12=0x000000a24b4fb2d0 is pointing into the stack for thread: 0x000001bcfbc5a000
R13=0x0 is NULL
R14=0x000001bcfa9a2f00 points into unknown readable memory: 17 00 85 07 18 00 88 07
R15=0x000000a24b4fb318 is pointing into the stack for thread: 0x000001bcfbc5a000


Registers:
RAX=0x0000000000000000, RBX=0x0000000000000096, RCX=0x000000a24b4fc2c0, RDX=0x000000000000053b
RSP=0x000000a24b4fb1e8, RBP=0x0000000000000000, RSI=0x000001bcfbd3f4d0, RDI=0x000001bc8140e090
R8 =0x000000a24b4fc2c0, R9 =0x000001bc81413a88, R10=0x0000000000000000, R11=0x0000000000000246
R12=0x000000a24b4fb2d0, R13=0x0000000000000000, R14=0x000001bcfa9a2f00, R15=0x000000a24b4fb318
RIP=0x00007ff8523a3bc5, EFLAGS=0x0000000000010246

Top of Stack: (sp=0x000000a24b4fb1e8)
0x000000a24b4fb1e8:   00007ff8523b591d 0000000000000096
0x000000a24b4fb1f8:   000001bcfa9acd20 000001bc90191170
0x000000a24b4fb208:   000001bc901948e0 000001bcfa9a2fd8
0x000000a24b4fb218:   0000000000000002 000000a24b4fb318
0x000000a24b4fb228:   000000a24b4fb2d0 000001bc814090c0
0x000000a24b4fb238:   00007ff8523b5801 0000000000000000
0x000000a24b4fb248:   000000a24b4fb390 000000a24b4fc2c0
0x000000a24b4fb258:   0000000000000002 000001bcfa9a2f00
0x000000a24b4fb268:   00007ff8526b8088 000001bcfa9acd20
0x000000a24b4fb278:   000001bcfa9a2f00 0000000000000037
0x000000a24b4fb288:   00007ff8523b3a8c 000000a24b4fc2c0
0x000000a24b4fb298:   000000a200000297 000000a24b4fc2c0
0x000000a24b4fb2a8:   000001bc90199170 000001bc8d563278
0x000000a24b4fb2b8:   00007ff85259b34a 000001bc909c2b98
0x000000a24b4fb2c8:   0000000000008020 00007ff85271b460
0x000000a24b4fb2d8:   000001bcfa9acd20 000001bc00000002 

Instructions: (pc=0x00007ff8523a3bc5)
0x00007ff8523a3ba5:   cc cc cc cc cc cc cc cc cc cc cc 8b 52 28 4c 8b
0x00007ff8523a3bb5:   c1 48 8b 81 f8 09 00 00 4c 8d 0c d0 48 8b 04 d0
0x00007ff8523a3bc5:   48 8b 50 08 48 83 3a 00 75 24 8b 51 28 8b 48 28
0x00007ff8523a3bd5:   3b ca 73 0a 49 8b 40 30 48 8b 04 c8 eb 02 33 c0 


Stack slot to memory mapping:
stack at sp + 0 slots: 0x00007ff8523b591d jvm.dll
stack at sp + 1 slots: 0x0000000000000096 is an unknown value
stack at sp + 2 slots: 0x000001bcfa9acd20 points into unknown readable memory: 06 00 00 00 00 00 00 00
stack at sp + 3 slots: 0x000001bc90191170 points into unknown readable memory: 00 00 00 00 00 00 00 00
stack at sp + 4 slots: 0x000001bc901948e0 points into unknown readable memory: 00 00 00 00 00 00 00 00
stack at sp + 5 slots: 0x000001bcfa9a2fd8 points into unknown readable memory: 00 a0 c5 fb bc 01 00 00
stack at sp + 6 slots: 0x0000000000000002 is an unknown value
stack at sp + 7 slots: 0x000000a24b4fb318 is pointing into the stack for thread: 0x000001bcfbc5a000


---------------  P R O C E S S  ---------------

Threads class SMR info:
_java_thread_list=0x000001bc818d0940, length=56, elements={
0x000001bce0b99800, 0x000001bcfa998000, 0x000001bcfa9a1800, 0x000001bcfbc57800,
0x000001bcfbc58800, 0x000001bcfbc5a000, 0x000001bcfbc0a000, 0x000001bcfbc0d800,
0x000001bcfbdaf800, 0x000001bcfbf34800, 0x000001bcfcf6c000, 0x000001bcfd06a000,
0x000001bcfd0c7000, 0x000001bcfd065800, 0x000001bcfe068800, 0x000001bc80365000,
0x000001bc80367000, 0x000001bc80368800, 0x000001bc80369800, 0x000001bc8070e000,
0x000001bc8070a800, 0x000001bc80707800, 0x000001bc8070c000, 0x000001bc80709000,
0x000001bc80711000, 0x000001bc80713000, 0x000001bc8070f800, 0x000001bc8070e800,
0x000001bc8070d000, 0x000001bc80716000, 0x000001bc90295000, 0x000001bc8036a000,
0x000001bc8b028000, 0x000001bc8b028800, 0x000001bc8070a000, 0x000001bc8070b800,
0x000001bc80708000, 0x000001bc80713800, 0x000001bc80714800, 0x000001bc8b029800,
0x000001bc8b02d000, 0x000001bc8b027000, 0x000001bc8b02f800, 0x000001bc8b02b000,
0x000001bc8b02e800, 0x000001bc8b02a800, 0x000001bc8b031000, 0x000001bc8b035000,
0x000001bc8b036000, 0x000001bc8b02c000, 0x000001bc8b031800, 0x000001bc8b032800,
0x000001bc8b033800, 0x000001bc8b034000, 0x000001bc9028f000, 0x000001bc90291800
}

Java Threads: ( => current thread )
  0x000001bce0b99800 JavaThread "main" [_thread_blocked, id=18064, stack(0x000000a24ad00000,0x000000a24ae00000)]
  0x000001bcfa998000 JavaThread "Reference Handler" daemon [_thread_blocked, id=17412, stack(0x000000a24b000000,0x000000a24b100000)]
  0x000001bcfa9a1800 JavaThread "Finalizer" daemon [_thread_blocked, id=3272, stack(0x000000a24b100000,0x000000a24b200000)]
  0x000001bcfbc57800 JavaThread "Signal Dispatcher" daemon [_thread_blocked, id=2964, stack(0x000000a24b200000,0x000000a24b300000)]
  0x000001bcfbc58800 JavaThread "Attach Listener" daemon [_thread_blocked, id=10920, stack(0x000000a24b300000,0x000000a24b400000)]
=>0x000001bcfbc5a000 JavaThread "C2 CompilerThread0" daemon [_thread_in_native, id=12756, stack(0x000000a24b400000,0x000000a24b500000)]
  0x000001bcfbc0a000 JavaThread "C1 CompilerThread0" daemon [_thread_blocked, id=16252, stack(0x000000a24b500000,0x000000a24b600000)]
  0x000001bcfbc0d800 JavaThread "Sweeper thread" daemon [_thread_blocked, id=17988, stack(0x000000a24b600000,0x000000a24b700000)]
  0x000001bcfbdaf800 JavaThread "Common-Cleaner" daemon [_thread_blocked, id=15744, stack(0x000000a24b700000,0x000000a24b800000)]
  0x000001bcfbf34800 JavaThread "Service Thread" daemon [_thread_blocked, id=4452, stack(0x000000a24b900000,0x000000a24ba00000)]
  0x000001bcfcf6c000 JavaThread "Active Thread: Equinox Container: f97cf761-2300-45a5-a598-b8b55c46011f" [_thread_blocked, id=13464, stack(0x000000a24bc00000,0x000000a24bd00000)]
  0x000001bcfd06a000 JavaThread "Framework Event Dispatcher: Equinox Container: f97cf761-2300-45a5-a598-b8b55c46011f" daemon [_thread_blocked, id=20300, stack(0x000000a24bd00000,0x000000a24be00000)]
  0x000001bcfd0c7000 JavaThread "Start Level: Equinox Container: f97cf761-2300-45a5-a598-b8b55c46011f" daemon [_thread_blocked, id=14412, stack(0x000000a24c100000,0x000000a24c200000)]
  0x000001bcfd065800 JavaThread "SCR Component Actor" daemon [_thread_blocked, id=18636, stack(0x000000a24c200000,0x000000a24c300000)]
  0x000001bcfe068800 JavaThread "Worker-JM" [_thread_blocked, id=23456, stack(0x000000a24c400000,0x000000a24c500000)]
  0x000001bc80365000 JavaThread "Java indexing" daemon [_thread_blocked, id=22752, stack(0x000000a24cc00000,0x000000a24cd00000)]
  0x000001bc80367000 JavaThread "logback configurator timer" daemon [_thread_blocked, id=9780, stack(0x000000a24cd00000,0x000000a24ce00000)]
  0x000001bc80368800 JavaThread "pool-2-thread-1" [_thread_in_native, id=20604, stack(0x000000a24ce00000,0x000000a24cf00000)]
  0x000001bc80369800 JavaThread "Refresh Thread: Equinox Container: f97cf761-2300-45a5-a598-b8b55c46011f" daemon [_thread_blocked, id=13012, stack(0x000000a24cf00000,0x000000a24d000000)]
  0x000001bc8070e000 JavaThread "Bundle File Closer" daemon [_thread_blocked, id=1000, stack(0x000000a24d800000,0x000000a24d900000)]
  0x000001bc8070a800 JavaThread "Provisioning Event Dispatcher" daemon [_thread_blocked, id=1108, stack(0x000000a24da00000,0x000000a24db00000)]
  0x000001bc80707800 JavaThread "ForkJoinPool.commonPool-worker-3" daemon [_thread_blocked, id=4216, stack(0x000000a24c800000,0x000000a24c900000)]
  0x000001bc8070c000 JavaThread "ForkJoinPool.commonPool-worker-5" daemon [_thread_blocked, id=2436, stack(0x000000a24d000000,0x000000a24d100000)]
  0x000001bc80709000 JavaThread "ForkJoinPool.commonPool-worker-7" daemon [_thread_blocked, id=10372, stack(0x000000a24d100000,0x000000a24d200000)]
  0x000001bc80711000 JavaThread "ForkJoinPool.commonPool-worker-9" daemon [_thread_blocked, id=10108, stack(0x000000a24d300000,0x000000a24d400000)]
  0x000001bc80713000 JavaThread "ForkJoinPool.commonPool-worker-11" daemon [_thread_in_Java, id=16812, stack(0x000000a24d400000,0x000000a24d500000)]
  0x000001bc8070f800 JavaThread "ForkJoinPool.commonPool-worker-13" daemon [_thread_blocked, id=1088, stack(0x000000a24d500000,0x000000a24d600000)]
  0x000001bc8070e800 JavaThread "Java Debug Server" daemon [_thread_in_native, id=22160, stack(0x000000a24bb00000,0x000000a24bc00000)]
  0x000001bc8070d000 JavaThread "RxSchedulerPurge-1" daemon [_thread_blocked, id=13308, stack(0x000000a24de00000,0x000000a24df00000)]
  0x000001bc80716000 JavaThread "RxCachedWorkerPoolEvictor-1" daemon [_thread_blocked, id=16740, stack(0x000000a24df00000,0x000000a24e000000)]
  0x000001bc90295000 JavaThread "Worker-14" [_thread_blocked, id=20628, stack(0x000000a24c900000,0x000000a24ca00000)]
  0x000001bc8036a000 JavaThread "pool-3-thread-3" [_thread_in_native, id=21216, stack(0x000000a24aa00000,0x000000a24ab00000)]
  0x000001bc8b028000 JavaThread "ForkJoinPool.commonPool-worker-1" daemon [_thread_blocked, id=20248, stack(0x000000a24c700000,0x000000a24c800000)]
  0x000001bc8b028800 JavaThread "Worker-17" [_thread_blocked, id=20748, stack(0x000000a24db00000,0x000000a24dc00000)]
  0x000001bc8070a000 JavaThread "RxNewThreadScheduler-19" daemon [_thread_blocked, id=17568, stack(0x000000a24ac00000,0x000000a24ad00000)]
  0x000001bc8070b800 JavaThread "Packet Receive Manager" daemon [_thread_in_native, id=16552, stack(0x000000a24b800000,0x000000a24b900000)]
  0x000001bc80708000 JavaThread "Packet Send Manager" daemon [_thread_blocked, id=9088, stack(0x000000a24f400000,0x000000a24f500000)]
  0x000001bc80713800 JavaThread "Event Hub" daemon [_thread_blocked, id=5956, stack(0x000000a24c300000,0x000000a24c400000)]
  0x000001bc80714800 JavaThread "Worker-22" [_thread_blocked, id=2956, stack(0x000000a24ab00000,0x000000a24ac00000)]
  0x000001bc8b029800 JavaThread "pool-180-thread-1" [_thread_blocked, id=15408, stack(0x000000a24d900000,0x000000a24da00000)]
  0x000001bc8b02d000 JavaThread "pool-181-thread-1" [_thread_blocked, id=18928, stack(0x000000a24dc00000,0x000000a24dd00000)]
  0x000001bc8b027000 JavaThread "pool-182-thread-1" [_thread_blocked, id=3060, stack(0x000000a24e000000,0x000000a24e100000)]
  0x000001bc8b02f800 JavaThread "pool-183-thread-1" [_thread_blocked, id=8980, stack(0x000000a24e100000,0x000000a24e200000)]
  0x000001bc8b02b000 JavaThread "pool-184-thread-1" [_thread_blocked, id=10440, stack(0x000000a24dd00000,0x000000a24de00000)]
  0x000001bc8b02e800 JavaThread "pool-185-thread-1" [_thread_blocked, id=13636, stack(0x000000a24e200000,0x000000a24e300000)]
  0x000001bc8b02a800 JavaThread "pool-186-thread-1" [_thread_blocked, id=16288, stack(0x000000a24e400000,0x000000a24e500000)]
  0x000001bc8b031000 JavaThread "pool-187-thread-1" [_thread_blocked, id=22076, stack(0x000000a24e500000,0x000000a24e600000)]
  0x000001bc8b035000 JavaThread "pool-188-thread-1" [_thread_blocked, id=15184, stack(0x000000a24e800000,0x000000a24e900000)]
  0x000001bc8b036000 JavaThread "pool-189-thread-1" [_thread_blocked, id=20048, stack(0x000000a24e900000,0x000000a24ea00000)]
  0x000001bc8b02c000 JavaThread "pool-190-thread-1" [_thread_blocked, id=22568, stack(0x000000a24e700000,0x000000a24e800000)]
  0x000001bc8b031800 JavaThread "pool-191-thread-1" [_thread_blocked, id=3292, stack(0x000000a24e600000,0x000000a24e700000)]
  0x000001bc8b032800 JavaThread "pool-192-thread-1" [_thread_blocked, id=11620, stack(0x000000a24ea00000,0x000000a24eb00000)]
  0x000001bc8b033800 JavaThread "pool-193-thread-1" [_thread_blocked, id=14216, stack(0x000000a24eb00000,0x000000a24ec00000)]
  0x000001bc8b034000 JavaThread "pool-194-thread-1" [_thread_blocked, id=20720, stack(0x000000a24ec00000,0x000000a24ed00000)]
  0x000001bc9028f000 JavaThread "pool-195-thread-1" [_thread_blocked, id=12228, stack(0x000000a24ed00000,0x000000a24ee00000)]
  0x000001bc90291800 JavaThread "Worker-23" [_thread_blocked, id=21360, stack(0x000000a24d600000,0x000000a24d700000)]

Other Threads:
  0x000001bcfa871000 VMThread "VM Thread" [stack: 0x000000a24af00000,0x000000a24b000000] [id=18568]
  0x000001bcfbecb800 WatcherThread [stack: 0x000000a24ba00000,0x000000a24bb00000] [id=22476]
  0x000001bce0bb0000 GCTaskThread "ParGC Thread#0" [stack: 0x000000a24ae00000,0x000000a24af00000] [id=18420]
  0x000001bcfd92d000 GCTaskThread "ParGC Thread#1" [stack: 0x000000a24be00000,0x000000a24bf00000] [id=12008]
  0x000001bcfd92e000 GCTaskThread "ParGC Thread#2" [stack: 0x000000a24bf00000,0x000000a24c000000] [id=12984]
  0x000001bcfd0c4000 GCTaskThread "ParGC Thread#3" [stack: 0x000000a24c000000,0x000000a24c100000] [id=17084]
  0x000001bcfdfb9000 GCTaskThread "ParGC Thread#4" [stack: 0x000000a24c500000,0x000000a24c600000] [id=8252]
  0x000001bcfe066000 GCTaskThread "ParGC Thread#5" [stack: 0x000000a24c600000,0x000000a24c700000] [id=6636]
  0x000001bcfe156800 GCTaskThread "ParGC Thread#6" [stack: 0x000000a24ca00000,0x000000a24cb00000] [id=10388]
  0x000001bcfdfb3000 GCTaskThread "ParGC Thread#7" [stack: 0x000000a24cb00000,0x000000a24cc00000] [id=16888]

Threads with active compile tasks:
C2 CompilerThread01659823 33856 % !   4       org.eclipse.jdt.internal.core.util.HandleFactory::getPkgFragmentRoot @ 96 (167 bytes)

VM state:not at safepoint (normal execution)

VM Mutex/Monitor currently owned by a thread: None

Heap address: 0x00000000c0000000, size: 1024 MB, Compressed Oops mode: 32-bit
Narrow klass base: 0x0000000000000000, Narrow klass shift: 3
Compressed class space size: 1073741824 Address: 0x0000000100000000

Heap:
 PSYoungGen      total 7168K, used 2246K [0x00000000eab00000, 0x00000000eb680000, 0x0000000100000000)
  eden space 5632K, 16% used [0x00000000eab00000,0x00000000eabe4910,0x00000000eb080000)
  from space 1536K, 86% used [0x00000000eb080000,0x00000000eb1ccfb0,0x00000000eb200000)
  to   space 3072K, 0% used [0x00000000eb380000,0x00000000eb380000,0x00000000eb680000)
 ParOldGen       total 231424K, used 207023K [0x00000000c0000000, 0x00000000ce200000, 0x00000000eab00000)
  object space 231424K, 89% used [0x00000000c0000000,0x00000000cca2bdd0,0x00000000ce200000)
 Metaspace       used 98319K, capacity 103089K, committed 103256K, reserved 1142784K
  class space    used 9058K, capacity 10769K, committed 10880K, reserved 1048576K

Card table byte_map: [0x000001bce0560000,0x000001bce0770000] _byte_map_base: 0x000001bcdff60000

Marking Bits: (ParMarkBitMap*) 0x00007ff8528be2a0
 Begin Bits: [0x000001bcf7fb0000, 0x000001bcf8fb0000)
 End Bits:   [0x000001bcf8fb0000, 0x000001bcf9fb0000)

Polling page: 0x000001bcdeb50000

Metaspace:

Usage:
  Non-class:     90.16 MB capacity,    87.17 MB ( 97%) used,     2.77 MB (  3%) free+waste,   223.94 KB ( <1%) overhead. 
      Class:     10.52 MB capacity,     8.85 MB ( 84%) used,     1.58 MB ( 15%) free+waste,    92.44 KB ( <1%) overhead. 
       Both:    100.67 MB capacity,    96.02 MB ( 95%) used,     4.35 MB (  4%) free+waste,   316.38 KB ( <1%) overhead. 

Virtual space:
  Non-class space:       92.00 MB reserved,      90.21 MB ( 98%) committed 
      Class space:        1.00 GB reserved,      10.63 MB (  1%) committed 
             Both:        1.09 GB reserved,     100.84 MB (  9%) committed 

Chunk freelists:
   Non-Class:  7.00 KB
       Class:  9.88 KB
        Both:  16.88 KB

CodeHeap 'non-profiled nmethods': size=120000Kb used=29971Kb max_used=29971Kb free=90028Kb
 bounds [0x000001bcf0a80000, 0x000001bcf27f0000, 0x000001bcf7fb0000]
CodeHeap 'profiled nmethods': size=120000Kb used=44818Kb max_used=44818Kb free=75181Kb
 bounds [0x000001bce9550000, 0x000001bcec1e0000, 0x000001bcf0a80000]
CodeHeap 'non-nmethods': size=5760Kb used=1338Kb max_used=1427Kb free=4421Kb
 bounds [0x000001bce8fb0000, 0x000001bce9220000, 0x000001bce9550000]
 total_blobs=21870 nmethods=21126 adapters=650
 compilation: enabled
              stopped_count=0, restarted_count=0
 full_count=0

Compilation events (10 events):
Event: 1659.561 Thread 0x000001bcfbc0a000 nmethod 33851 0x000001bce9d23e90 code [0x000001bce9d24040, 0x000001bce9d24370]
Event: 1659.566 Thread 0x000001bcfbc0a000 33852       3       org.eclipse.jdt.internal.corext.refactoring.util.CommentAnalyzer::adjustSelection (60 bytes)
Event: 1659.566 Thread 0x000001bcfbc0a000 nmethod 33852 0x000001bcea20cf90 code [0x000001bcea20d160, 0x000001bcea20d510]
Event: 1659.566 Thread 0x000001bcfbc5a000 33853       4       org.eclipse.jdt.core.manipulation.ImportReferencesCollector::visit (14 bytes)
Event: 1659.568 Thread 0x000001bcfbc5a000 nmethod 33853 0x000001bcf1652e10 code [0x000001bcf1652fa0, 0x000001bcf1653088]
Event: 1659.657 Thread 0x000001bcfbc5a000 33854       4       org.eclipse.jdt.internal.compiler.lookup.BlockScope::<init> (7 bytes)
Event: 1659.663 Thread 0x000001bcfbc5a000 nmethod 33854 0x000001bcf16a4790 code [0x000001bcf16a4940, 0x000001bcf16a4d98]
Event: 1659.663 Thread 0x000001bcfbc5a000 33855       4       org.eclipse.jdt.internal.compiler.ast.ForeachStatement::resolve (1481 bytes)
Event: 1659.753 Thread 0x000001bcfbc5a000 nmethod 33855 0x000001bcf27e5490 code [0x000001bcf27e5980, 0x000001bcf27e9828]
Event: 1659.754 Thread 0x000001bcfbc5a000 33856 % !   4       org.eclipse.jdt.internal.core.util.HandleFactory::getPkgFragmentRoot @ 96 (167 bytes)

GC Heap History (10 events):
Event: 1659.660 GC heap before
{Heap before GC invocations=7065 (full 162):
 PSYoungGen      total 11776K, used 11394K [0x00000000eab00000, 0x00000000ebd80000, 0x0000000100000000)
  eden space 8704K, 100% used [0x00000000eab00000,0x00000000eb380000,0x00000000eb380000)
  from space 3072K, 87% used [0x00000000eba80000,0x00000000ebd20a40,0x00000000ebd80000)
  to   space 4096K, 0% used [0x00000000eb580000,0x00000000eb580000,0x00000000eb980000)
 ParOldGen       total 231424K, used 194149K [0x00000000c0000000, 0x00000000ce200000, 0x00000000eab00000)
  object space 231424K, 83% used [0x00000000c0000000,0x00000000cbd99590,0x00000000ce200000)
 Metaspace       used 98319K, capacity 103089K, committed 103256K, reserved 1142784K
  class space    used 9058K, capacity 10769K, committed 10880K, reserved 1048576K
}
Event: 1659.663 GC heap after
{Heap after GC invocations=7065 (full 162):
 PSYoungGen      total 11264K, used 2231K [0x00000000eab00000, 0x00000000ebb00000, 0x0000000100000000)
  eden space 8704K, 0% used [0x00000000eab00000,0x00000000eab00000,0x00000000eb380000)
  from space 2560K, 87% used [0x00000000eb580000,0x00000000eb7adef0,0x00000000eb800000)
  to   space 3072K, 0% used [0x00000000eb800000,0x00000000eb800000,0x00000000ebb00000)
 ParOldGen       total 231424K, used 196720K [0x00000000c0000000, 0x00000000ce200000, 0x00000000eab00000)
  object space 231424K, 85% used [0x00000000c0000000,0x00000000cc01c050,0x00000000ce200000)
 Metaspace       used 98319K, capacity 103089K, committed 103256K, reserved 1142784K
  class space    used 9058K, capacity 10769K, committed 10880K, reserved 1048576K
}
Event: 1659.691 GC heap before
{Heap before GC invocations=7066 (full 162):
 PSYoungGen      total 11264K, used 10935K [0x00000000eab00000, 0x00000000ebb00000, 0x0000000100000000)
  eden space 8704K, 100% used [0x00000000eab00000,0x00000000eb380000,0x00000000eb380000)
  from space 2560K, 87% used [0x00000000eb580000,0x00000000eb7adef0,0x00000000eb800000)
  to   space 3072K, 0% used [0x00000000eb800000,0x00000000eb800000,0x00000000ebb00000)
 ParOldGen       total 231424K, used 196720K [0x00000000c0000000, 0x00000000ce200000, 0x00000000eab00000)
  object space 231424K, 85% used [0x00000000c0000000,0x00000000cc01c050,0x00000000ce200000)
 Metaspace       used 98319K, capacity 103089K, committed 103256K, reserved 1142784K
  class space    used 9058K, capacity 10769K, committed 10880K, reserved 1048576K
}
Event: 1659.694 GC heap after
{Heap after GC invocations=7066 (full 162):
 PSYoungGen      total 10752K, used 1600K [0x00000000eab00000, 0x00000000eba00000, 0x0000000100000000)
  eden space 8704K, 0% used [0x00000000eab00000,0x00000000eab00000,0x00000000eb380000)
  from space 2048K, 78% used [0x00000000eb800000,0x00000000eb990000,0x00000000eba00000)
  to   space 2048K, 0% used [0x00000000eb600000,0x00000000eb600000,0x00000000eb800000)
 ParOldGen       total 231424K, used 198807K [0x00000000c0000000, 0x00000000ce200000, 0x00000000eab00000)
  object space 231424K, 85% used [0x00000000c0000000,0x00000000cc225f60,0x00000000ce200000)
 Metaspace       used 98319K, capacity 103089K, committed 103256K, reserved 1142784K
  class space    used 9058K, capacity 10769K, committed 10880K, reserved 1048576K
}
Event: 1659.701 GC heap before
{Heap before GC invocations=7067 (full 162):
 PSYoungGen      total 10752K, used 10304K [0x00000000eab00000, 0x00000000eba00000, 0x0000000100000000)
  eden space 8704K, 100% used [0x00000000eab00000,0x00000000eb380000,0x00000000eb380000)
  from space 2048K, 78% used [0x00000000eb800000,0x00000000eb990000,0x00000000eba00000)
  to   space 2048K, 0% used [0x00000000eb600000,0x00000000eb600000,0x00000000eb800000)
 ParOldGen       total 231424K, used 198807K [0x00000000c0000000, 0x00000000ce200000, 0x00000000eab00000)
  object space 231424K, 85% used [0x00000000c0000000,0x00000000cc225f60,0x00000000ce200000)
 Metaspace       used 98319K, capacity 103089K, committed 103256K, reserved 1142784K
  class space    used 9058K, capacity 10769K, committed 10880K, reserved 1048576K
}
Event: 1659.703 GC heap after
{Heap after GC invocations=7067 (full 162):
 PSYoungGen      total 9728K, used 672K [0x00000000eab00000, 0x00000000eb880000, 0x0000000100000000)
  eden space 8704K, 0% used [0x00000000eab00000,0x00000000eab00000,0x00000000eb380000)
  from space 1024K, 65% used [0x00000000eb600000,0x00000000eb6a8010,0x00000000eb700000)
  to   space 1536K, 0% used [0x00000000eb700000,0x00000000eb700000,0x00000000eb880000)
 ParOldGen       total 231424K, used 200335K [0x00000000c0000000, 0x00000000ce200000, 0x00000000eab00000)
  object space 231424K, 86% used [0x00000000c0000000,0x00000000cc3a3f70,0x00000000ce200000)
 Metaspace       used 98319K, capacity 103089K, committed 103256K, reserved 1142784K
  class space    used 9058K, capacity 10769K, committed 10880K, reserved 1048576K
}
Event: 1659.724 GC heap before
{Heap before GC invocations=7068 (full 162):
 PSYoungGen      total 9728K, used 9376K [0x00000000eab00000, 0x00000000eb880000, 0x0000000100000000)
  eden space 8704K, 100% used [0x00000000eab00000,0x00000000eb380000,0x00000000eb380000)
  from space 1024K, 65% used [0x00000000eb600000,0x00000000eb6a8010,0x00000000eb700000)
  to   space 1536K, 0% used [0x00000000eb700000,0x00000000eb700000,0x00000000eb880000)
 ParOldGen       total 231424K, used 200335K [0x00000000c0000000, 0x00000000ce200000, 0x00000000eab00000)
  object space 231424K, 86% used [0x00000000c0000000,0x00000000cc3a3f70,0x00000000ce200000)
 Metaspace       used 98319K, capacity 103089K, committed 103256K, reserved 1142784K
  class space    used 9058K, capacity 10769K, committed 10880K, reserved 1048576K
}
Event: 1659.726 GC heap after
{Heap after GC invocations=7068 (full 162):
 PSYoungGen      total 10240K, used 1536K [0x00000000eab00000, 0x00000000eb980000, 0x0000000100000000)
  eden space 8704K, 0% used [0x00000000eab00000,0x00000000eab00000,0x00000000eb380000)
  from space 1536K, 100% used [0x00000000eb700000,0x00000000eb880000,0x00000000eb880000)
  to   space 3072K, 0% used [0x00000000eb380000,0x00000000eb380000,0x00000000eb680000)
 ParOldGen       total 231424K, used 201199K [0x00000000c0000000, 0x00000000ce200000, 0x00000000eab00000)
  object space 231424K, 86% used [0x00000000c0000000,0x00000000cc47bf70,0x00000000ce200000)
 Metaspace       used 98319K, capacity 103089K, committed 103256K, reserved 1142784K
  class space    used 9058K, capacity 10769K, committed 10880K, reserved 1048576K
}
Event: 1659.754 GC heap before
{Heap before GC invocations=7069 (full 162):
 PSYoungGen      total 10240K, used 10240K [0x00000000eab00000, 0x00000000eb980000, 0x0000000100000000)
  eden space 8704K, 100% used [0x00000000eab00000,0x00000000eb380000,0x00000000eb380000)
  from space 1536K, 100% used [0x00000000eb700000,0x00000000eb880000,0x00000000eb880000)
  to   space 3072K, 0% used [0x00000000eb380000,0x00000000eb380000,0x00000000eb680000)
 ParOldGen       total 231424K, used 201199K [0x00000000c0000000, 0x00000000ce200000, 0x00000000eab00000)
  object space 231424K, 86% used [0x00000000c0000000,0x00000000cc47bf70,0x00000000ce200000)
 Metaspace       used 98319K, capacity 103089K, committed 103256K, reserved 1142784K
  class space    used 9058K, capacity 10769K, committed 10880K, reserved 1048576K
}
Event: 1659.757 GC heap after
{Heap after GC invocations=7069 (full 162):
 PSYoungGen      total 11264K, used 2306K [0x00000000eab00000, 0x00000000eb880000, 0x0000000100000000)
  eden space 8704K, 0% used [0x00000000eab00000,0x00000000eab00000,0x00000000eb380000)
  from space 2560K, 90% used [0x00000000eb380000,0x00000000eb5c0a40,0x00000000eb600000)
  to   space 2560K, 0% used [0x00000000eb600000,0x00000000eb600000,0x00000000eb880000)
 ParOldGen       total 231424K, used 202679K [0x00000000c0000000, 0x00000000ce200000, 0x00000000eab00000)
  object space 231424K, 87% used [0x00000000c0000000,0x00000000cc5edf70,0x00000000ce200000)
 Metaspace       used 98319K, capacity 103089K, committed 103256K, reserved 1142784K
  class space    used 9058K, capacity 10769K, committed 10880K, reserved 1048576K
}

Deoptimization events (10 events):
Event: 1648.503 Thread 0x000001bc80714800 Uncommon trap: reason=class_check action=maybe_recompile pc=0x000001bcf0fed104 method=org.eclipse.jdt.internal.compiler.ast.Expression.getDirectBinding(Lorg/eclipse/jdt/internal/compiler/ast/Expression;)Lorg/eclipse/jdt/internal/compiler/lookup/Binding; @
Event: 1648.504 Thread 0x000001bc80714800 Uncommon trap: reason=class_check action=maybe_recompile pc=0x000001bcf159e0a8 method=org.eclipse.jdt.internal.compiler.ast.ArrayReference.resolveType(Lorg/eclipse/jdt/internal/compiler/lookup/BlockScope;)Lorg/eclipse/jdt/internal/compiler/lookup/TypeBind
Event: 1648.505 Thread 0x000001bc80714800 Uncommon trap: reason=bimorphic_or_optimized_type_check action=maybe_recompile pc=0x000001bcf14dd138 method=org.eclipse.jdt.internal.compiler.ast.FieldReference.analyseCode(Lorg/eclipse/jdt/internal/compiler/lookup/BlockScope;Lorg/eclipse/jdt/internal/com
Event: 1648.508 Thread 0x000001bc80714800 Uncommon trap: reason=bimorphic_or_optimized_type_check action=maybe_recompile pc=0x000001bcf1932328 method=org.eclipse.jdt.internal.compiler.ast.ForeachStatement.generateCode(Lorg/eclipse/jdt/internal/compiler/lookup/BlockScope;Lorg/eclipse/jdt/internal/
Event: 1648.511 Thread 0x000001bc80714800 Uncommon trap: reason=bimorphic_or_optimized_type_check action=maybe_recompile pc=0x000001bcf1ff04f4 method=org.eclipse.jdt.internal.compiler.ast.CastExpression.generateCode(Lorg/eclipse/jdt/internal/compiler/lookup/BlockScope;Lorg/eclipse/jdt/internal/co
Event: 1648.511 Thread 0x000001bc80714800 Uncommon trap: reason=bimorphic_or_optimized_type_check action=maybe_recompile pc=0x000001bcf11b7420 method=org.eclipse.jdt.internal.compiler.ast.FieldReference.generateCode(Lorg/eclipse/jdt/internal/compiler/lookup/BlockScope;Lorg/eclipse/jdt/internal/co
Event: 1648.539 Thread 0x000001bc80714800 Uncommon trap: reason=bimorphic_or_optimized_type_check action=maybe_recompile pc=0x000001bcf0dc0a48 method=org.eclipse.jdt.internal.compiler.ast.FieldReference.analyseCode(Lorg/eclipse/jdt/internal/compiler/lookup/BlockScope;Lorg/eclipse/jdt/internal/com
Event: 1648.978 Thread 0x000001bc80713000 Uncommon trap: reason=unstable_if action=reinterpret pc=0x000001bcf20cc910 method=org.eclipse.jdt.internal.corext.fix.VariableDeclarationFixCore.canAddFinal(Lorg/eclipse/jdt/core/dom/IBinding;Lorg/eclipse/jdt/core/dom/ASTNode;)Z @ 129 c2
Event: 1649.161 Thread 0x000001bc80713000 Uncommon trap: reason=bimorphic_or_optimized_type_check action=maybe_recompile pc=0x000001bcf20a2940 method=com.google.gson.internal.bind.MapTypeAdapterFactory$Adapter.write(Lcom/google/gson/stream/JsonWriter;Ljava/util/Map;)V @ 47 c2
Event: 1649.161 Thread 0x000001bc80713000 Uncommon trap: reason=bimorphic_or_optimized_type_check action=maybe_recompile pc=0x000001bcf20a2940 method=com.google.gson.internal.bind.MapTypeAdapterFactory$Adapter.write(Lcom/google/gson/stream/JsonWriter;Ljava/util/Map;)V @ 47 c2

Classes redefined (0 events):
No events

Internal exceptions (10 events):
Event: 1607.016 Thread 0x000001bc8b032800 Exception <a 'java/lang/ClassNotFoundException'{0x00000000eb6357a0}: sun/net/www/protocol/jdt/Handler> (0x00000000eb6357a0) thrown at [./open/src/hotspot/share/classfile/systemDictionary.cpp, line 228]
Event: 1607.016 Thread 0x000001bc8b032800 Exception <a 'java/lang/ClassNotFoundException'{0x00000000eb637610}: sun/net/www/protocol/jdt/Handler> (0x00000000eb637610) thrown at [./open/src/hotspot/share/classfile/systemDictionary.cpp, line 228]
Event: 1607.016 Thread 0x000001bc8b032800 Exception <a 'java/lang/ClassNotFoundException'{0x00000000eb639f28}: sun/net/www/protocol/jdt/Handler> (0x00000000eb639f28) thrown at [./open/src/hotspot/share/classfile/systemDictionary.cpp, line 228]
Event: 1607.016 Thread 0x000001bc8b032800 Exception <a 'java/lang/ClassNotFoundException'{0x00000000eb63bee8}: sun/net/www/protocol/jdt/Handler> (0x00000000eb63bee8) thrown at [./open/src/hotspot/share/classfile/systemDictionary.cpp, line 228]
Event: 1607.016 Thread 0x000001bc8b032800 Exception <a 'java/lang/ClassNotFoundException'{0x00000000eb63e318}: sun/net/www/protocol/jdt/Handler> (0x00000000eb63e318) thrown at [./open/src/hotspot/share/classfile/systemDictionary.cpp, line 228]
Event: 1607.539 Thread 0x000001bc9028f000 Exception <a 'java/lang/ClassNotFoundException'{0x00000000eb7adf10}: sun/net/www/protocol/jdt/Handler> (0x00000000eb7adf10) thrown at [./open/src/hotspot/share/classfile/systemDictionary.cpp, line 228]
Event: 1607.539 Thread 0x000001bc9028f000 Exception <a 'java/lang/ClassNotFoundException'{0x00000000eb7b08d0}: sun/net/www/protocol/jdt/Handler> (0x00000000eb7b08d0) thrown at [./open/src/hotspot/share/classfile/systemDictionary.cpp, line 228]
Event: 1627.005 Thread 0x000001bc8070f800 Implicit null exception at 0x000001bcf270d880 to 0x000001bcf270dc02
Event: 1647.128 Thread 0x000001bc80707800 Exception <a 'java/lang/ArrayIndexOutOfBoundsException'{0x00000000eab5bd08}: Index 50588 out of bounds for length 50588> (0x00000000eab5bd08) thrown at [./open/src/hotspot/share/interpreter/interpreterRuntime.cpp, line 459]
Event: 1647.128 Thread 0x000001bc80707800 Exception <a 'java/lang/ArrayIndexOutOfBoundsException'{0x00000000eab5c030}: Index 50589 out of bounds for length 50588> (0x00000000eab5c030) thrown at [./open/src/hotspot/share/interpreter/interpreterRuntime.cpp, line 459]

Events (10 events):
Event: 1659.678 Thread 0x000001bc80713000 DEOPT PACKING pc=0x000001bcec118a57 sp=0x000000a24d4fc7f0
Event: 1659.678 Thread 0x000001bc80713000 DEOPT UNPACKING pc=0x000001bce8fd854e sp=0x000000a24d4fbdc8 mode 0
Event: 1659.691 Executing VM operation: ParallelGCFailedAllocation
Event: 1659.694 Executing VM operation: ParallelGCFailedAllocation done
Event: 1659.701 Executing VM operation: ParallelGCFailedAllocation
Event: 1659.703 Executing VM operation: ParallelGCFailedAllocation done
Event: 1659.724 Executing VM operation: ParallelGCFailedAllocation
Event: 1659.726 Executing VM operation: ParallelGCFailedAllocation done
Event: 1659.754 Executing VM operation: ParallelGCFailedAllocation
Event: 1659.757 Executing VM operation: ParallelGCFailedAllocation done


Dynamic libraries:
0x00007ff769720000 - 0x00007ff76972f000 	C:\Program Files\Java\jdk-11.0.8\bin\java.exe
0x00007ff8c0f70000 - 0x00007ff8c1166000 	C:\WINDOWS\SYSTEM32\ntdll.dll
0x00007ff8c0700000 - 0x00007ff8c07bd000 	C:\WINDOWS\System32\KERNEL32.DLL
0x00007ff8be6b0000 - 0x00007ff8be979000 	C:\WINDOWS\System32\KERNELBASE.dll
0x00007ff8bebf0000 - 0x00007ff8becf0000 	C:\WINDOWS\System32\ucrtbase.dll
0x00007ff8b2fb0000 - 0x00007ff8b2fc8000 	C:\Program Files\Java\jdk-11.0.8\bin\jli.dll
0x00007ff8b2f60000 - 0x00007ff8b2f75000 	C:\Program Files\Java\jdk-11.0.8\bin\VCRUNTIME140.dll
0x00007ff8c07c0000 - 0x00007ff8c086c000 	C:\WINDOWS\System32\ADVAPI32.dll
0x00007ff8c0100000 - 0x00007ff8c019e000 	C:\WINDOWS\System32\msvcrt.dll
0x00007ff8bfcf0000 - 0x00007ff8bfd8c000 	C:\WINDOWS\System32\sechost.dll
0x00007ff8bf8e0000 - 0x00007ff8bfa0b000 	C:\WINDOWS\System32\RPCRT4.dll
0x00007ff8c0880000 - 0x00007ff8c0a20000 	C:\WINDOWS\System32\USER32.dll
0x00007ff8ae7b0000 - 0x00007ff8aea4b000 	C:\WINDOWS\WinSxS\amd64_microsoft.windows.common-controls_6595b64144ccf1df_6.0.19041.488_none_ca04af081b815d21\COMCTL32.dll
0x00007ff8be9e0000 - 0x00007ff8bea02000 	C:\WINDOWS\System32\win32u.dll
0x00007ff8c0260000 - 0x00007ff8c028a000 	C:\WINDOWS\System32\GDI32.dll
0x00007ff8beae0000 - 0x00007ff8bebe9000 	C:\WINDOWS\System32\gdi32full.dll
0x00007ff8bea10000 - 0x00007ff8beaad000 	C:\WINDOWS\System32\msvcp_win.dll
0x00007ff8b56b0000 - 0x00007ff8b56ba000 	C:\WINDOWS\SYSTEM32\VERSION.dll
0x00007ff8bfa10000 - 0x00007ff8bfa40000 	C:\WINDOWS\System32\IMM32.DLL
0x00007ff8709c0000 - 0x00007ff870a5b000 	C:\Program Files\Java\jdk-11.0.8\bin\msvcp140.dll
0x00007ff851e90000 - 0x00007ff852976000 	C:\Program Files\Java\jdk-11.0.8\bin\server\jvm.dll
0x00007ff8bfd90000 - 0x00007ff8bfd98000 	C:\WINDOWS\System32\PSAPI.DLL
0x00007ff8adbe0000 - 0x00007ff8adbe9000 	C:\WINDOWS\SYSTEM32\WSOCK32.dll
0x00007ff8b0510000 - 0x00007ff8b0537000 	C:\WINDOWS\SYSTEM32\WINMM.dll
0x00007ff8bf100000 - 0x00007ff8bf16b000 	C:\WINDOWS\System32\WS2_32.dll
0x00007ff8bc670000 - 0x00007ff8bc682000 	C:\WINDOWS\SYSTEM32\kernel.appcore.dll
0x00007ff8b91d0000 - 0x00007ff8b91e0000 	C:\Program Files\Java\jdk-11.0.8\bin\verify.dll
0x00007ff8bc1a0000 - 0x00007ff8bc384000 	C:\WINDOWS\SYSTEM32\DBGHELP.DLL
0x00007ff8a8a60000 - 0x00007ff8a8a8c000 	C:\WINDOWS\SYSTEM32\dbgcore.DLL
0x00007ff8bedf0000 - 0x00007ff8bee70000 	C:\WINDOWS\System32\bcryptPrimitives.dll
0x00007ff8b2f30000 - 0x00007ff8b2f58000 	C:\Program Files\Java\jdk-11.0.8\bin\java.dll
0x00007ff8b8c20000 - 0x00007ff8b8c2a000 	C:\Program Files\Java\jdk-11.0.8\bin\jimage.dll
0x00007ff8b2f10000 - 0x00007ff8b2f26000 	C:\Program Files\Java\jdk-11.0.8\bin\zip.dll
0x00007ff8bf170000 - 0x00007ff8bf8b2000 	C:\WINDOWS\System32\SHELL32.dll
0x00007ff8bcda0000 - 0x00007ff8bd535000 	C:\WINDOWS\SYSTEM32\windows.storage.dll
0x00007ff8bfda0000 - 0x00007ff8c00f6000 	C:\WINDOWS\System32\combase.dll
0x00007ff8be040000 - 0x00007ff8be06c000 	C:\WINDOWS\SYSTEM32\Wldp.dll
0x00007ff8c0a20000 - 0x00007ff8c0ace000 	C:\WINDOWS\System32\SHCORE.dll
0x00007ff8c0200000 - 0x00007ff8c0255000 	C:\WINDOWS\System32\shlwapi.dll
0x00007ff8be5e0000 - 0x00007ff8be606000 	C:\WINDOWS\SYSTEM32\profapi.dll
0x00007ff8aa180000 - 0x00007ff8aa199000 	C:\Program Files\Java\jdk-11.0.8\bin\net.dll
0x00007ff8bd720000 - 0x00007ff8bd820000 	C:\WINDOWS\SYSTEM32\WINHTTP.dll
0x00007ff8bde40000 - 0x00007ff8bdeaa000 	C:\WINDOWS\system32\mswsock.dll
0x00007ff8aa0c0000 - 0x00007ff8aa0d2000 	C:\Program Files\Java\jdk-11.0.8\bin\nio.dll
0x00007ff8be090000 - 0x00007ff8be0a8000 	C:\WINDOWS\SYSTEM32\CRYPTSP.dll
0x00007ff8bd680000 - 0x00007ff8bd6b4000 	C:\WINDOWS\system32\rsaenh.dll
0x00007ff8beab0000 - 0x00007ff8bead7000 	C:\WINDOWS\System32\bcrypt.dll
0x00007ff8be5a0000 - 0x00007ff8be5ce000 	C:\WINDOWS\SYSTEM32\USERENV.dll
0x00007ff8be070000 - 0x00007ff8be07c000 	C:\WINDOWS\SYSTEM32\CRYPTBASE.dll
0x00007ff8bdb00000 - 0x00007ff8bdb3b000 	C:\WINDOWS\SYSTEM32\IPHLPAPI.DLL
0x00007ff8c0870000 - 0x00007ff8c0878000 	C:\WINDOWS\System32\NSI.dll
0x00007ff8b9460000 - 0x00007ff8b9477000 	C:\WINDOWS\SYSTEM32\dhcpcsvc6.DLL
0x00007ff8b9440000 - 0x00007ff8b945d000 	C:\WINDOWS\SYSTEM32\dhcpcsvc.DLL
0x00007ff8bdb40000 - 0x00007ff8bdc0b000 	C:\WINDOWS\SYSTEM32\DNSAPI.dll
0x00007ff8a35b0000 - 0x00007ff8a35da000 	C:\Users\chenshi\AppData\Roaming\Code\User\globalStorage\redhat.java\0.73.0\config_win\org.eclipse.equinox.launcher\org.eclipse.equinox.launcher.win32.win32.x86_64_1.2.0.v20200915-1442\eclipse_11100.dll
0x00007ff8aa0a0000 - 0x00007ff8aa0b1000 	C:\Users\chenshi\AppData\Roaming\Code\User\globalStorage\redhat.java\0.73.0\config_win\org.eclipse.osgi\23\0\.cp\jWinHttp-1.0.0.dll
0x00007ff8befd0000 - 0x00007ff8bf0fa000 	C:\WINDOWS\System32\ole32.dll
0x00007ff8afae0000 - 0x00007ff8afaed000 	C:\Program Files\Java\jdk-11.0.8\bin\sunmscapi.dll
0x00007ff8bee70000 - 0x00007ff8befcd000 	C:\WINDOWS\System32\CRYPT32.dll
0x00007ff8be190000 - 0x00007ff8be1b7000 	C:\WINDOWS\SYSTEM32\ncrypt.dll
0x00007ff8be150000 - 0x00007ff8be18b000 	C:\WINDOWS\SYSTEM32\NTASN1.dll
0x00007ff89cae0000 - 0x00007ff89cb05000 	C:\Program Files\Java\jdk-11.0.8\bin\sunec.dll
0x00007ff8b54c0000 - 0x00007ff8b54ca000 	C:\Windows\System32\rasadhlp.dll
0x00007ff8b9730000 - 0x00007ff8b97af000 	C:\WINDOWS\System32\fwpuclnt.dll

dbghelp: loaded successfully - version: 4.0.5 - missing functions: none
symbol engine: initialized successfully - sym options: 0x614 - pdb path: .;C:\Program Files\Java\jdk-11.0.8\bin;C:\WINDOWS\SYSTEM32;C:\WINDOWS\WinSxS\amd64_microsoft.windows.common-controls_6595b64144ccf1df_6.0.19041.488_none_ca04af081b815d21;C:\Program Files\Java\jdk-11.0.8\bin\server;C:\Users\chenshi\AppData\Roaming\Code\User\globalStorage\redhat.java\0.73.0\config_win\org.eclipse.equinox.launcher\org.eclipse.equinox.launcher.win32.win32.x86_64_1.2.0.v20200915-1442;C:\Users\chenshi\AppData\Roaming\Code\User\globalStorage\redhat.java\0.73.0\config_win\org.eclipse.osgi\23\0\.cp

VM Arguments:
jvm_args: --add-modules=ALL-SYSTEM --add-opens=java.base/java.util=ALL-UNNAMED --add-opens=java.base/java.lang=ALL-UNNAMED -Declipse.application=org.eclipse.jdt.ls.core.id1 -Dosgi.bundles.defaultStartLevel=4 -Declipse.product=org.eclipse.jdt.ls.core.product -Dfile.encoding=utf8 -DwatchParentProcess=false -XX:+UseParallelGC -XX:GCTimeRatio=4 -XX:AdaptiveSizePolicyWeight=90 -Dsun.zip.disableMemoryMapping=true -Xmx1G -Xms100m -Xverify:none 
java_command: c:\Users\chenshi\.vscode\extensions\redhat.java-0.73.0\server\plugins\org.eclipse.equinox.launcher_1.6.0.v20200915-1508.jar -configuration c:\Users\chenshi\AppData\Roaming\Code\User\globalStorage\redhat.java\0.73.0\config_win -data c:\Users\chenshi\AppData\Roaming\Code\User\workspaceStorage\ed95b1a397a80b292f713117fd0b243d\redhat.java\jdt_ws
java_class_path (initial): c:\Users\chenshi\.vscode\extensions\redhat.java-0.73.0\server\plugins\org.eclipse.equinox.launcher_1.6.0.v20200915-1508.jar
Launcher Type: SUN_STANDARD

[Global flags]
    uintx AdaptiveSizePolicyWeight                 = 90                                        {product} {command line}
     bool BytecodeVerificationLocal                = false                                     {product} {command line}
     bool BytecodeVerificationRemote               = false                                     {product} {command line}
     intx CICompilerCount                          = 4                                         {product} {ergonomic}
    uintx GCTimeRatio                              = 4                                         {product} {command line}
   size_t InitialHeapSize                          = 104857600                                 {product} {command line}
   size_t MaxHeapSize                              = 1073741824                                {product} {command line}
   size_t MaxNewSize                               = 357564416                                 {product} {ergonomic}
   size_t MinHeapDeltaBytes                        = 524288                                    {product} {ergonomic}
   size_t NewSize                                  = 34603008                                  {product} {ergonomic}
    uintx NonNMethodCodeHeapSize                   = 5836300                                {pd product} {ergonomic}
    uintx NonProfiledCodeHeapSize                  = 122910970                              {pd product} {ergonomic}
   size_t OldSize                                  = 70254592                                  {product} {ergonomic}
    uintx ProfiledCodeHeapSize                     = 122910970                              {pd product} {ergonomic}
    uintx ReservedCodeCacheSize                    = 251658240                              {pd product} {ergonomic}
     bool SegmentedCodeCache                       = true                                      {product} {ergonomic}
     bool UseCompressedClassPointers               = true                                 {lp64_product} {ergonomic}
     bool UseCompressedOops                        = true                                 {lp64_product} {ergonomic}
     bool UseLargePagesIndividualAllocation        = false                                  {pd product} {ergonomic}
     bool UseParallelGC                            = true                                      {product} {command line}

Logging:
Log output configuration:
 #0: stdout all=warning uptime,level,tags
 #1: stderr all=off uptime,level,tags

Environment Variables:
JAVA_HOME=C:\Program Files\Java\jdk-11.0.8
PATH=C:\Program Files\AdoptOpenJDK\jdk-15.0.1.9-hotspot\bin;C:\Python38\Scripts\;C:\Python38\;C:\Program Files\Common Files\Microsoft Shared\Microsoft Online Services;C:\Program Files (x86)\Common Files\Microsoft Shared\Microsoft Online Services;C:\WINDOWS\system32;C:\WINDOWS;C:\WINDOWS\System32\Wbem;C:\WINDOWS\System32\WindowsPowerShell\v1.0\;C:\WINDOWS\System32\OpenSSH\;C:\Gradle\gradle-6.4.1\bin;C:\Program Files\nodejs\;C:\ProgramData\chocolatey\bin;C:\Program Files\Java\jdk-11.0.8\bin;C:\Program Files\Java\jdk1.8.0_251\bin;C:\Program Files\Java\jdk-14\bin;C:\apache-maven-3.6.3-bin\bin;C:\Program Files\Git\cmd;C:\Program Files\RedHat\java-14-openjdk-14.0.2-1\bin;C:\Program Files\Docker\Docker\resources\bin;C:\ProgramData\DockerDesktop\version-bin;C:\Program Files (x86)\Yarn\bin\;C:\Users\chenshi\AppData\Local\Microsoft\WindowsApps;C:\Users\chenshi\AppData\Local\Programs\Microsoft VS Code\bin;C:\Users\chenshi\AppData\Local\Programs\Microsoft VS Code Insiders\bin;C:\Program Files\JetBrains\IntelliJ IDEA Community Edition 2020.1.1\bin;C:\Users\chenshi\AppData\Roaming\npm;C:\Users\chenshi\AppData\Local\GitHubDesktop\bin;C:\Users\chenshi\AppData\Local\Microsoft\WindowsApps;C:\Users\chenshi\AppData\Local\Yarn\bin
USERNAME=chenshi
OS=Windows_NT
PROCESSOR_IDENTIFIER=Intel64 Family 6 Model 85 Stepping 4, GenuineIntel



---------------  S Y S T E M  ---------------

OS: Windows 10 , 64 bit Build 19041 (10.0.19041.662)
HyperV virtualization detected

CPU:total 8 (initial active 8) (4 cores per cpu, 2 threads per core) family 6 model 85 stepping 4, cmov, cx8, fxsr, mmx, sse, sse2, sse3, ssse3, sse4.1, sse4.2, popcnt, avx, avx2, aes, clmul, erms, rtm, 3dnowpref, lzcnt, ht, tsc, tscinvbit, bmi1, bmi2, adx, fma

Memory: 4k page, system-wide physical 32495M (18900M free)
TotalPageFile size 37359M (AvailPageFile size 20696M)
current process WorkingSet (physical memory assigned to process): 598M, peak: 630M
current process commit charge ("private bytes"): 622M, peak: 681M

vm_info: Java HotSpot(TM) 64-Bit Server VM (11.0.8+10-LTS) for windows-amd64 JRE (11.0.8+10-LTS), built on Jun 16 2020 05:53:08 by "mach5one" with unknown MS VC++:1916

END.
